<?xml version="1.0" encoding="UTF-8"?>
<!-- Generated by org.testng.reporters.JUnitReportReporter -->
<testsuite hostname="NithinThantry" failures="0" tests="2" name="testNg.annotation.MyTestOne" time="0.030" errors="0" timestamp="2022-12-10T11:45:03 IST" skipped="0">
  <testcase classname="testNg.annotation.MyTestOne" name="testone" time="0.028"/>
  <system-out/>
  <testcase classname="testNg.annotation.MyTestOne" name="testwo" time="0.002"/>
  <system-out/>
</testsuite> <!-- testNg.annotation.MyTestOne -->
